<?xml version="1.0" encoding="UTF-8"?>
<!-- Generated by org.testng.reporters.JUnitReportReporter -->
<testsuite hostname="DESKTOP-R1731C6" failures="0" tests="2" name="com.sl.GoogleSearch" time="10.298" errors="0" timestamp="2024-03-06T10:21:39 IST" skipped="1">
  <testcase classname="com.sl.GoogleSearch" name="searchGoogleAndTestTitleText" time="10.298"/>
  <testcase classname="com.sl.GoogleSearch" name="testGoogleSearchTextFeildContainsFlowers">
    <skipped/>
  </testcase> <!-- testGoogleSearchTextFeildContainsFlowers -->
</testsuite> <!-- com.sl.GoogleSearch -->
