<?xml version="1.0" encoding="UTF-8"?>
<!-- Generated by org.testng.reporters.JUnitReportReporter -->
<testsuite hostname="DESKTOP-R1731C6" failures="0" tests="3" name="com.sl.DummyTest" time="0.060" errors="0" timestamp="2024-03-06T09:48:09 IST" skipped="1">
  <testcase classname="com.sl.DummyTest" name="f2" time="0.028"/>
  <testcase classname="com.sl.DummyTest" name="f5" time="0.032"/>
  <testcase classname="com.sl.DummyTest" name="f3">
    <skipped/>
  </testcase> <!-- f3 -->
</testsuite> <!-- com.sl.DummyTest -->
