<?xml version="1.0" encoding="UTF-8"?>
<!-- Generated by org.testng.reporters.JUnitReportReporter -->
<testsuite hostname="DESKTOP-R1731C6" failures="0" tests="2" name="com.sl.GoogleSearch" time="18.205" errors="0" timestamp="2024-03-05T12:44:18 IST" skipped="0">
  <testcase classname="com.sl.GoogleSearch" name="searchGoogleAndTestTitleText" time="9.077"/>
  <testcase classname="com.sl.GoogleSearch" name="testGoogleSearchTextFeildContainsFlowers" time="9.128"/>
</testsuite> <!-- com.sl.GoogleSearch -->
