<?xml version="1.0" encoding="UTF-8"?>
<!-- Generated by org.testng.reporters.JUnitReportReporter -->
<testsuite hostname="DESKTOP-R1731C6" failures="0" tests="3" name="com.sl.GoogleRegistration" time="28.328" errors="0" timestamp="2024-03-06T10:21:39 IST" skipped="0">
  <testcase classname="com.sl.GoogleRegistration" name="googleNewAccCreation" time="5.348"/>
  <testcase classname="com.sl.GoogleRegistration" name="googleNewAccCreation" time="16.639"/>
  <testcase classname="com.sl.GoogleRegistration" name="googleNewAccCreation" time="6.341"/>
</testsuite> <!-- com.sl.GoogleRegistration -->
