<?xml version="1.0" encoding="UTF-8"?>
<!-- Generated by org.testng.reporters.JUnitReportReporter -->
<testsuite hostname="DESKTOP-R1731C6" failures="0" tests="2" name="com.sl.GoogleSearch" time="79.798" errors="0" timestamp="2024-03-05T12:17:12 IST" skipped="0">
  <testcase classname="com.sl.GoogleSearch" name="searchGoogleAndTestTitleText" time="47.152"/>
  <testcase classname="com.sl.GoogleSearch" name="testGoogleSearchTextFeildContainsFlowers" time="32.646"/>
</testsuite> <!-- com.sl.GoogleSearch -->
