<?xml version="1.0" encoding="UTF-8"?>
<!-- Generated by org.testng.reporters.JUnitReportReporter -->
<testsuite hostname="DESKTOP-R1731C6" failures="0" tests="2" name="com.sl.GoogleSearch" time="6.557" errors="0" timestamp="2024-03-05T12:05:50 IST" skipped="0">
  <testcase classname="com.sl.GoogleSearch" name="testGoogleSearchTextFeildContainsFlowers" time="2.805"/>
  <testcase classname="com.sl.GoogleSearch" name="searchGoogleAndTestTitleText" time="3.752"/>
</testsuite> <!-- com.sl.GoogleSearch -->
