<?xml version="1.0" encoding="UTF-8"?>
<!-- Generated by org.testng.reporters.JUnitReportReporter -->
<testsuite hostname="DESKTOP-R1731C6" failures="0" tests="1" name="com.sl.FBRegistration" time="10.305" errors="0" timestamp="2024-03-06T10:21:39 IST" skipped="0">
  <testcase classname="com.sl.FBRegistration" name="fbAccount" time="10.305"/>
</testsuite> <!-- com.sl.FBRegistration -->
