<?xml version="1.0" encoding="UTF-8"?>
<!-- Generated by org.testng.reporters.JUnitReportReporter -->
<testsuite hostname="DESKTOP-R1731C6" failures="0" tests="1" name="com.sl.GoogleSearch" time="6.600" errors="0" timestamp="2024-03-05T11:32:30 IST" skipped="0">
  <testcase classname="com.sl.GoogleSearch" name="searchGoogleAndTestTitleText" time="6.600"/>
</testsuite> <!-- com.sl.GoogleSearch -->
