<?xml version="1.0" encoding="UTF-8"?>
<!-- Generated by org.testng.reporters.JUnitReportReporter -->
<testsuite hostname="DESKTOP-R1731C6" failures="0" tests="1" name="com.sl.FBRegistration" time="4.849" errors="0" timestamp="2024-03-05T12:44:18 IST" skipped="0">
  <testcase classname="com.sl.FBRegistration" name="fbAccount" time="4.849"/>
</testsuite> <!-- com.sl.FBRegistration -->
