<?xml version="1.0" encoding="UTF-8"?>
<!-- Generated by org.testng.reporters.JUnitReportReporter -->
<testsuite hostname="DESKTOP-R1731C6" failures="0" tests="3" name="com.sl.GoogleRegistration" time="16.147" errors="0" timestamp="2024-03-05T12:58:19 IST" skipped="0">
  <testcase classname="com.sl.GoogleRegistration" name="googleNewAccCreation" time="6.154"/>
  <testcase classname="com.sl.GoogleRegistration" name="googleNewAccCreation" time="2.461"/>
  <testcase classname="com.sl.GoogleRegistration" name="googleNewAccCreation" time="7.532"/>
</testsuite> <!-- com.sl.GoogleRegistration -->
