<?xml version="1.0" encoding="UTF-8"?>
<!-- Generated by org.testng.reporters.JUnitReportReporter -->
<testsuite hostname="DESKTOP-R1731C6" failures="0" tests="1" name="com.sl.FBRegistration" time="6.696" errors="0" timestamp="2024-03-05T12:56:05 IST" skipped="0">
  <testcase classname="com.sl.FBRegistration" name="fbAccount" time="6.696"/>
</testsuite> <!-- com.sl.FBRegistration -->
