<?xml version="1.0" encoding="UTF-8"?>
<!-- Generated by org.testng.reporters.JUnitReportReporter -->
<testsuite hostname="DESKTOP-R1731C6" failures="0" tests="6" name="com.sl.DummyTest" time="0.128" errors="0" timestamp="2024-03-06T10:21:39 IST" skipped="1">
  <testcase classname="com.sl.DummyTest" name="f4" time="0.002"/>
  <testcase classname="com.sl.DummyTest" name="f1" time="0.002"/>
  <testcase classname="com.sl.DummyTest" name="f5" time="0.018"/>
  <testcase classname="com.sl.DummyTest" name="f2" time="0.025"/>
  <testcase classname="com.sl.DummyTest" name="f6" time="0.081"/>
  <testcase classname="com.sl.DummyTest" name="f3">
    <skipped/>
  </testcase> <!-- f3 -->
</testsuite> <!-- com.sl.DummyTest -->
