<?xml version="1.0" encoding="UTF-8"?>
<!-- Generated by org.testng.reporters.JUnitReportReporter -->
<testsuite hostname="DESKTOP-R1731C6" failures="0" tests="3" name="com.sl.GoogleRegistration" time="9.418" errors="0" timestamp="2024-03-07T10:25:38 IST" skipped="0">
  <testcase classname="com.sl.GoogleRegistration" name="googleNewAccCreation" time="4.089"/>
  <testcase classname="com.sl.GoogleRegistration" name="googleNewAccCreation" time="2.678"/>
  <testcase classname="com.sl.GoogleRegistration" name="googleNewAccCreation" time="2.651"/>
</testsuite> <!-- com.sl.GoogleRegistration -->
